2026-02-01T17:26:17 exception: Failed to open "/Users/dmy/.mpd/mpdstate": No such file or directory
2026-02-01T17:26:17 config: inotify: auto_update was disabled. enable during compilation phase
2026-02-01T17:26:17 config: option "auto_resample" on line 35 was not recognized
2026-02-01T17:26:17 config: option "use_mmap" on line 36 was not recognized
2026-02-01T17:26:17 update: added high_school/Yuna Ito - Alone Again.mp3
2026-02-01T17:26:17 update: added high_school/Yellowcard - Five Becomes Four.mp3
2026-02-01T17:26:17 update: added high_school/土司（栗悟飯和龜派氣功） - _ 黒猫 歌ってみた feat.花たん.mp3
2026-02-01T17:26:17 update: added high_school/Viva La Vida by Coldplay Lyrics.mp3
2026-02-01T17:26:17 update: added high_school/【Chillstep】Wavetek - Uplift [Free Download].mp3
2026-02-01T17:26:17 update: added high_school/[MV] Ailee(에일리) _ I will show you(보여줄게).mp3
2026-02-01T17:26:17 update: added high_school/麻枝 准×やなぎなぎ 「終わりの世界から」.mp3
2026-02-01T17:26:17 update: added high_school/【Chillstep】Soulfy - When The Sun Sets.mp3
2026-02-01T17:26:17 update: added high_school/What If - Safetysuit.mp3
2026-02-01T17:26:17 update: added high_school/林俊杰 JJ Lin -《零度的親吻》Frozen Kiss Lyric Pinyin English Sub.mp3
2026-02-01T17:26:17 update: added high_school/Yahari Ore no Seishun Love Come wa Machigatteiru OP - Yukitoki (ユキトキ) - Piano arrangement.mp3
2026-02-01T17:26:17 update: added high_school/羊と僕のお唄 　／　Apple ufo.mp3
2026-02-01T17:26:17 update: added high_school/[DnB] - Feint - We Won't Be Alone (feat. Laura Brehm) [Monstercat Release].mp3
2026-02-01T17:26:17 update: added high_school/WoahhxSweetx3 - Dark Blue by Jacks Mannequin (w_ lyrics).mp3
2026-02-01T17:26:17 update: added high_school/Venemy - Rescue Me (feat. Car) [NCS Release].mp3
2026-02-01T17:26:17 update: added high_school/[Glitch Hop or 110BPM] - Tristam - Till It's Over [Monstercat Release].mp3
2026-02-01T17:26:17 update: added high_school/Where The Lonely Ones Roam- Digital Daggers- Lyrics.mp3
2026-02-01T17:26:17 update: added high_school/Yellowcard - Only One.mp3
2026-02-01T17:26:17 update: added high_school/「Charlotte(シャーロット)」【Fallin'】試聴動画.mp3
2026-02-01T17:26:17 update: added high_school/【Chill】Dash Berlin & Jay Cosmic ft. Collin McLoughlin - Here Tonight (Acoustic Version).mp3
2026-02-01T17:26:17 update: added high_school/Zedd ft. Jon Bellion - Beautiful Now.mp3
2026-02-01T17:26:17 update: added high_school/[MV] Lim Kim(김예림) (Togeworl(투개월)) _ Awoo.mp3
2026-02-01T17:26:17 update: added high_school/[일소라] 일반인 고등학생 - Hello (Adele) cover.mp3
2026-02-01T17:26:17 update: added high_school/_Melodic Dubstep_Gareth Emery ft. Gavin Beach - Eye Of The Storm (BL3R Remix).mp3
2026-02-01T17:26:17 update: added high_school/[Flaming June] Maeda Jun x Yanagi Nagi - Last Smile [Subbed].mp3
2026-02-01T17:26:17 update: added high_school/[Beautiful Soundtracks] Angel Beats Ending Song _ OST - Ichiban no Takaramono (Karuta).mp3
2026-02-01T17:26:17 update: added high_school/[Eng Sub Karaoke] LOVE&ROLL - supercell.mp3
2026-02-01T17:26:17 update: added high_school/【Chillstep】SizzleBird - Memory [Free Download].mp3
2026-02-01T17:26:17 update: added high_school/【Tropical House】Trevor Dahl - When You Come Home.mp3
2026-02-01T17:26:17 update: added high_school/【Drumstep】MitiS - Touch [Free Download].mp3
2026-02-01T17:26:17 update: added high_school/「東方アレンジVocal」Draw the Emotional - Just follow time.mp3
2026-02-01T17:26:17 update: added high_school/[DnB] - Tristam & Braken - Frame of Mind [Monstercat Release].mp3
2026-02-01T17:26:17 update: added high_school/You're gonna go far kid lyrics - The Offspring.mp3
2026-02-01T17:26:17 update: added high_school/We The Kings - We The Kings_ Say You Like Me (Official Lyric Video).mp3
2026-02-01T17:26:17 update: added high_school/【House】MitiS - Expose (Original Mix) [Free Download].mp3
2026-02-01T17:26:17 update: added high_school/[Eng Karaoke] 【supercell】 Hero.mp3
2026-02-01T17:26:17 update: added high_school/Yellowcard - Surface of the Sun (  Lyrics and HQ_HD Audio) [2012].mp3
2026-02-01T17:26:17 update: added high_school/Zedd ft. Selena Gomez Lyrics - I Want You To Know (Audio).mp3
2026-02-01T17:26:17 update: added high_school/【Chillstep】Nyte - Pluto [Free Download].mp3
2026-02-01T17:26:17 update: added high_school/【House】Friendzone ft. The Eden Project - Iris [Free Download].mp3
2026-02-01T17:26:17 update: added high_school/【Chillstep】Soulfy - Skyfall [Free Download].mp3
2026-02-01T17:26:17 update: added high_school/We The Kings ft. Elena Coats - Sad Song (Lyric Video).mp3
2026-02-01T17:26:17 update: added high_school/» Charlotte シャーロット ED _ Ending 「Yake Ochinai Tsubasa」.mp3
2026-02-01T17:26:17 update: added high_school/【Chill】W I S H I W A S ft. Cameron Walker - Cutting Ties.mp3
2026-02-01T17:26:17 update: added high_school/_Drum&Bass_DJ Okawari - Luv Letter (Wisp X Remix) [Free Download].mp3
2026-02-01T17:26:17 update: added high_school/Yellowcard - Keeper (with lyrics).mp3
2026-02-01T17:26:17 update: added high_school/【Chillstep】SizzleBird - Elixir [Free Download].mp3
2026-02-01T17:26:17 update: added high_school/麻枝 准×やなぎなぎ「無敵のSoldier」.mp3
2026-02-01T17:26:17 update: added high_school/Yellowcard - Awakening.mp3
2026-02-01T17:26:17 update: added high_school/【KL】Hello,world! (short ver.) _ Kekkai Sensen OP【Jpn Cover】.mp3
2026-02-01T17:26:17 update: added high_school/【House】Vicetone ft. Chloe Angelides - White Lies.mp3
2026-02-01T17:26:17 update: added high_school/____ ___(Sentimental Scenery) - Oriental Snow.mp3
2026-02-01T17:26:17 update: added high_school/【Melodic Dubstep】Max Elto - Shadow Of The Sun (Adventure Club Remix) [Free Download].mp3
2026-02-01T17:26:17 update: added high_school/Zedd feat Echosmith - Illusion.mp3
2026-02-01T17:26:17 update: added high_school/We The Kings - Check Yes Juliet.mp3
2026-02-01T17:26:17 update: added high_school/トレイル - mamenoi【Piano・ピアノ】.mp3
2026-02-01T17:26:17 update: added high_school/[Electro] - Tristam & Braken - Far Away [Monstercat Release].mp3
2026-02-01T17:26:17 update: added high_school/We Own It (Fast & Furious) (Lyric Video).mp3
2026-02-01T17:26:17 update: added high_school/Yann Tiersen - Comptine d`un autre ete - l`apres-midi.mp3
2026-02-01T17:26:17 update: added high_school/[Guilty Crown - OST]12. Release My Soul.mp3
2026-02-01T17:26:17 update: added high_school/Yiruma - Maybe.mp3
2026-02-01T17:26:17 update: added high_school/__ - _____.mp3
2026-02-01T17:26:17 update: added high_school/Yiruma - River flows in you.mp3
2026-02-01T17:26:17 update: added high_school/Warriors - 2014 World Championship (Imagine Dragons).mp3
2026-02-01T17:26:17 ffmpeg/mov,mp4,m4a,3gp,3g2,mj2: Detected creation time before 1970, parsing as unix timestamp.
2026-02-01T17:26:17 ffmpeg/mov,mp4,m4a,3gp,3g2,mj2: Detected creation time before 1970, parsing as unix timestamp.
2026-02-01T17:26:17 ffmpeg/mov,mp4,m4a,3gp,3g2,mj2: stream 0, timescale not set
2026-02-01T17:26:17 update: added Steve Reich/Steve Reich_ Works_ 1965-1995 (CD6)/06 The Desert Music - Fourth Movement (Moderate).m4a
2026-02-01T17:26:17 ffmpeg/mov,mp4,m4a,3gp,3g2,mj2: Detected creation time before 1970, parsing as unix timestamp.
2026-02-01T17:26:17 ffmpeg/mov,mp4,m4a,3gp,3g2,mj2: Detected creation time before 1970, parsing as unix timestamp.
2026-02-01T17:26:17 ffmpeg/mov,mp4,m4a,3gp,3g2,mj2: stream 0, timescale not set
2026-02-01T17:26:17 update: added Steve Reich/Steve Reich_ Works_ 1965-1995 (CD6)/05 The Desert Music - Third Movement, Part Three (Slow).m4a
2026-02-01T17:26:17 ffmpeg/mov,mp4,m4a,3gp,3g2,mj2: Detected creation time before 1970, parsing as unix timestamp.
2026-02-01T17:26:17 ffmpeg/mov,mp4,m4a,3gp,3g2,mj2: Detected creation time before 1970, parsing as unix timestamp.
2026-02-01T17:26:17 ffmpeg/mov,mp4,m4a,3gp,3g2,mj2: stream 0, timescale not set
2026-02-01T17:26:17 update: added Steve Reich/Steve Reich_ Works_ 1965-1995 (CD6)/02 The Desert Music - Second Movement (Moderate).m4a
2026-02-01T17:26:17 ffmpeg/mov,mp4,m4a,3gp,3g2,mj2: Detected creation time before 1970, parsing as unix timestamp.
2026-02-01T17:26:17 ffmpeg/mov,mp4,m4a,3gp,3g2,mj2: Detected creation time before 1970, parsing as unix timestamp.
2026-02-01T17:26:17 ffmpeg/mov,mp4,m4a,3gp,3g2,mj2: stream 0, timescale not set
2026-02-01T17:26:17 update: added Steve Reich/Steve Reich_ Works_ 1965-1995 (CD6)/07 The Desert Music - Fifth Movement (Fast).m4a
2026-02-01T17:26:17 ffmpeg/mov,mp4,m4a,3gp,3g2,mj2: Detected creation time before 1970, parsing as unix timestamp.
2026-02-01T17:26:17 ffmpeg/mov,mp4,m4a,3gp,3g2,mj2: Detected creation time before 1970, parsing as unix timestamp.
2026-02-01T17:26:17 ffmpeg/mov,mp4,m4a,3gp,3g2,mj2: stream 0, timescale not set
2026-02-01T17:26:17 update: added Steve Reich/Steve Reich_ Works_ 1965-1995 (CD6)/04 The Desert Music - Third Movement, Part Two (Moderate).m4a
2026-02-01T17:26:17 ffmpeg/mov,mp4,m4a,3gp,3g2,mj2: Detected creation time before 1970, parsing as unix timestamp.
2026-02-01T17:26:17 ffmpeg/mov,mp4,m4a,3gp,3g2,mj2: Detected creation time before 1970, parsing as unix timestamp.
2026-02-01T17:26:17 ffmpeg/mov,mp4,m4a,3gp,3g2,mj2: stream 0, timescale not set
2026-02-01T17:26:17 update: added Steve Reich/Steve Reich_ Works_ 1965-1995 (CD6)/01 The Desert Music - First Movement (Fast).m4a
2026-02-01T17:26:17 ffmpeg/mov,mp4,m4a,3gp,3g2,mj2: Detected creation time before 1970, parsing as unix timestamp.
2026-02-01T17:26:17 ffmpeg/mov,mp4,m4a,3gp,3g2,mj2: Detected creation time before 1970, parsing as unix timestamp.
2026-02-01T17:26:17 ffmpeg/mov,mp4,m4a,3gp,3g2,mj2: stream 0, timescale not set
2026-02-01T17:26:17 update: added Steve Reich/Steve Reich_ Works_ 1965-1995 (CD6)/03 The Desert Music - Third Movement, Part One (Slow).m4a
2026-02-01T17:26:17 ffmpeg/mov,mp4,m4a,3gp,3g2,mj2: Detected creation time before 1970, parsing as unix timestamp.
2026-02-01T17:26:17 ffmpeg/mov,mp4,m4a,3gp,3g2,mj2: Detected creation time before 1970, parsing as unix timestamp.
2026-02-01T17:26:17 ffmpeg/mov,mp4,m4a,3gp,3g2,mj2: stream 0, timescale not set
2026-02-01T17:26:17 update: added Steve Reich/Steve Reich_ Works_ 1965-1995 (CD5)/04 Tehillim (Part III).m4a
2026-02-01T17:26:17 ffmpeg/mov,mp4,m4a,3gp,3g2,mj2: Detected creation time before 1970, parsing as unix timestamp.
2026-02-01T17:26:17 ffmpeg/mov,mp4,m4a,3gp,3g2,mj2: Detected creation time before 1970, parsing as unix timestamp.
2026-02-01T17:26:17 ffmpeg/mov,mp4,m4a,3gp,3g2,mj2: stream 0, timescale not set
2026-02-01T17:26:17 update: added Steve Reich/Steve Reich_ Works_ 1965-1995 (CD5)/05 Tehillim (Part IV).m4a
2026-02-01T17:26:17 ffmpeg/mov,mp4,m4a,3gp,3g2,mj2: Detected creation time before 1970, parsing as unix timestamp.
2026-02-01T17:26:17 ffmpeg/mov,mp4,m4a,3gp,3g2,mj2: Detected creation time before 1970, parsing as unix timestamp.
2026-02-01T17:26:17 ffmpeg/mov,mp4,m4a,3gp,3g2,mj2: stream 0, timescale not set
2026-02-01T17:26:17 update: added Steve Reich/Steve Reich_ Works_ 1965-1995 (CD5)/02 Tehillim (Part I).m4a
2026-02-01T17:26:17 ffmpeg/mov,mp4,m4a,3gp,3g2,mj2: Detected creation time before 1970, parsing as unix timestamp.
2026-02-01T17:26:17 ffmpeg/mov,mp4,m4a,3gp,3g2,mj2: Detected creation time before 1970, parsing as unix timestamp.
2026-02-01T17:26:17 ffmpeg/mov,mp4,m4a,3gp,3g2,mj2: stream 0, timescale not set
2026-02-01T17:26:17 update: added Steve Reich/Steve Reich_ Works_ 1965-1995 (CD5)/03 Tehillim (Part II).m4a
2026-02-01T17:26:17 ffmpeg/mov,mp4,m4a,3gp,3g2,mj2: Detected creation time before 1970, parsing as unix timestamp.
2026-02-01T17:26:17 ffmpeg/mov,mp4,m4a,3gp,3g2,mj2: Detected creation time before 1970, parsing as unix timestamp.
2026-02-01T17:26:17 ffmpeg/mov,mp4,m4a,3gp,3g2,mj2: stream 0, timescale not set
2026-02-01T17:26:17 update: added Steve Reich/Steve Reich_ Works_ 1965-1995 (CD5)/01 Eight Lines.m4a
2026-02-01T17:26:17 ffmpeg/mov,mp4,m4a,3gp,3g2,mj2: Detected creation time before 1970, parsing as unix timestamp.
2026-02-01T17:26:17 ffmpeg/mov,mp4,m4a,3gp,3g2,mj2: Detected creation time before 1970, parsing as unix timestamp.
2026-02-01T17:26:17 ffmpeg/mov,mp4,m4a,3gp,3g2,mj2: stream 0, timescale not set
2026-02-01T17:26:17 update: added Steve Reich/Steve Reich_ Works_ 1965-1995 (CD1)/01 Come Out.m4a
2026-02-01T17:26:17 ffmpeg/mov,mp4,m4a,3gp,3g2,mj2: Detected creation time before 1970, parsing as unix timestamp.
2026-02-01T17:26:17 ffmpeg/mov,mp4,m4a,3gp,3g2,mj2: Detected creation time before 1970, parsing as unix timestamp.
2026-02-01T17:26:17 ffmpeg/mov,mp4,m4a,3gp,3g2,mj2: stream 0, timescale not set
2026-02-01T17:26:17 update: added Steve Reich/Steve Reich_ Works_ 1965-1995 (CD1)/05 Four Organs.m4a
2026-02-01T17:26:17 ffmpeg/mov,mp4,m4a,3gp,3g2,mj2: Detected creation time before 1970, parsing as unix timestamp.
2026-02-01T17:26:17 ffmpeg/mov,mp4,m4a,3gp,3g2,mj2: Detected creation time before 1970, parsing as unix timestamp.
2026-02-01T17:26:17 ffmpeg/mov,mp4,m4a,3gp,3g2,mj2: stream 0, timescale not set
2026-02-01T17:26:17 update: added Steve Reich/Steve Reich_ Works_ 1965-1995 (CD1)/02 Piano Phase.m4a
2026-02-01T17:26:17 ffmpeg/mov,mp4,m4a,3gp,3g2,mj2: Detected creation time before 1970, parsing as unix timestamp.
2026-02-01T17:26:17 ffmpeg/mov,mp4,m4a,3gp,3g2,mj2: Detected creation time before 1970, parsing as unix timestamp.
2026-02-01T17:26:17 ffmpeg/mov,mp4,m4a,3gp,3g2,mj2: stream 0, timescale not set
2026-02-01T17:26:17 update: added Steve Reich/Steve Reich_ Works_ 1965-1995 (CD1)/03 It's Gonna Rain (Part I).m4a
2026-02-01T17:26:17 ffmpeg/mov,mp4,m4a,3gp,3g2,mj2: Detected creation time before 1970, parsing as unix timestamp.
2026-02-01T17:26:17 ffmpeg/mov,mp4,m4a,3gp,3g2,mj2: Detected creation time before 1970, parsing as unix timestamp.
2026-02-01T17:26:17 ffmpeg/mov,mp4,m4a,3gp,3g2,mj2: stream 0, timescale not set
2026-02-01T17:26:17 update: added Steve Reich/Steve Reich_ Works_ 1965-1995 (CD1)/04 It's Gonna Rain (Part II).m4a
2026-02-01T17:26:17 ffmpeg/mov,mp4,m4a,3gp,3g2,mj2: stream 0, timescale not set
2026-02-01T17:26:17 update: added Steve Reich/Steve Reich_ Works_ 1965-1995 (CD2)/04 Drumming (Part IV).m4a
2026-02-01T17:26:17 ffmpeg/mov,mp4,m4a,3gp,3g2,mj2: stream 0, timescale not set
2026-02-01T17:26:17 update: added Steve Reich/Steve Reich_ Works_ 1965-1995 (CD2)/02 Drumming (Part II).m4a
2026-02-01T17:26:17 ffmpeg/mov,mp4,m4a,3gp,3g2,mj2: stream 0, timescale not set
2026-02-01T17:26:17 update: added Steve Reich/Steve Reich_ Works_ 1965-1995 (CD2)/01 Drumming (Part I).m4a
2026-02-01T17:26:17 ffmpeg/mov,mp4,m4a,3gp,3g2,mj2: stream 0, timescale not set
2026-02-01T17:26:17 update: added Steve Reich/Steve Reich_ Works_ 1965-1995 (CD2)/03 Drumming (Part III).m4a
2026-02-01T17:26:17 ffmpeg/mov,mp4,m4a,3gp,3g2,mj2: stream 0, timescale not set
2026-02-01T17:26:17 update: added Steve Reich/Steve Reich_ Works_ 1965-1995 (CD8)/03 Different Trains - After the war.m4a
2026-02-01T17:26:17 ffmpeg/mov,mp4,m4a,3gp,3g2,mj2: stream 0, timescale not set
2026-02-01T17:26:17 update: added Steve Reich/Steve Reich_ Works_ 1965-1995 (CD8)/08 Three Movements - II..m4a
2026-02-01T17:26:17 ffmpeg/mov,mp4,m4a,3gp,3g2,mj2: stream 0, timescale not set
2026-02-01T17:26:17 update: added Steve Reich/Steve Reich_ Works_ 1965-1995 (CD8)/04 Electric Counterpoint - Fast.m4a
2026-02-01T17:26:17 ffmpeg/mov,mp4,m4a,3gp,3g2,mj2: stream 0, timescale not set
2026-02-01T17:26:17 update: added Steve Reich/Steve Reich_ Works_ 1965-1995 (CD8)/09 Three Movements - III..m4a
2026-02-01T17:26:17 ffmpeg/mov,mp4,m4a,3gp,3g2,mj2: stream 0, timescale not set
2026-02-01T17:26:17 update: added Steve Reich/Steve Reich_ Works_ 1965-1995 (CD8)/01 Different Trains - America - Before the war.m4a
2026-02-01T17:26:17 ffmpeg/mov,mp4,m4a,3gp,3g2,mj2: stream 0, timescale not set
2026-02-01T17:26:17 update: added Steve Reich/Steve Reich_ Works_ 1965-1995 (CD8)/05 Electric Counterpoint - Slow.m4a
2026-02-01T17:26:17 ffmpeg/mov,mp4,m4a,3gp,3g2,mj2: stream 0, timescale not set
2026-02-01T17:26:17 update: added Steve Reich/Steve Reich_ Works_ 1965-1995 (CD8)/02 Different Trains - Europe - During the war.m4a
2026-02-01T17:26:17 ffmpeg/mov,mp4,m4a,3gp,3g2,mj2: stream 0, timescale not set
2026-02-01T17:26:17 update: added Steve Reich/Steve Reich_ Works_ 1965-1995 (CD8)/06 Electric Counterpoint - Fast.m4a
2026-02-01T17:26:17 ffmpeg/mov,mp4,m4a,3gp,3g2,mj2: stream 0, timescale not set
2026-02-01T17:26:17 update: added Steve Reich/Steve Reich_ Works_ 1965-1995 (CD8)/07 Three Movements - I..m4a
2026-02-01T17:26:17 ffmpeg/mov,mp4,m4a,3gp,3g2,mj2: Detected creation time before 1970, parsing as unix timestamp.
2026-02-01T17:26:17 ffmpeg/mov,mp4,m4a,3gp,3g2,mj2: Detected creation time before 1970, parsing as unix timestamp.
2026-02-01T17:26:17 ffmpeg/mov,mp4,m4a,3gp,3g2,mj2: stream 0, timescale not set
2026-02-01T17:26:17 update: added Steve Reich/Steve Reich_ Works_ 1965-1995 (CD3)/02 Clapping Music.m4a
2026-02-01T17:26:17 ffmpeg/mov,mp4,m4a,3gp,3g2,mj2: Detected creation time before 1970, parsing as unix timestamp.
2026-02-01T17:26:17 ffmpeg/mov,mp4,m4a,3gp,3g2,mj2: Detected creation time before 1970, parsing as unix timestamp.
2026-02-01T17:26:17 ffmpeg/mov,mp4,m4a,3gp,3g2,mj2: stream 0, timescale not set
2026-02-01T17:26:17 update: added Steve Reich/Steve Reich_ Works_ 1965-1995 (CD3)/03 Six Marimbas.m4a
2026-02-01T17:26:17 ffmpeg/mov,mp4,m4a,3gp,3g2,mj2: Detected creation time before 1970, parsing as unix timestamp.
2026-02-01T17:26:17 ffmpeg/mov,mp4,m4a,3gp,3g2,mj2: Detected creation time before 1970, parsing as unix timestamp.
2026-02-01T17:26:17 ffmpeg/mov,mp4,m4a,3gp,3g2,mj2: stream 0, timescale not set
2026-02-01T17:26:17 update: added Steve Reich/Steve Reich_ Works_ 1965-1995 (CD3)/01 Music For Mallet Instruments, Voices And Organ.m4a
2026-02-01T17:26:17 ffmpeg/mov,mp4,m4a,3gp,3g2,mj2: Detected creation time before 1970, parsing as unix timestamp.
2026-02-01T17:26:17 ffmpeg/mov,mp4,m4a,3gp,3g2,mj2: Detected creation time before 1970, parsing as unix timestamp.
2026-02-01T17:26:17 ffmpeg/mov,mp4,m4a,3gp,3g2,mj2: stream 0, timescale not set
2026-02-01T17:26:17 update: added Steve Reich/Steve Reich_ Works_ 1965-1995 (CD9)/17 The Cave - Act 3 (Part VI).m4a
2026-02-01T17:26:17 ffmpeg/mov,mp4,m4a,3gp,3g2,mj2: Detected creation time before 1970, parsing as unix timestamp.
2026-02-01T17:26:17 ffmpeg/mov,mp4,m4a,3gp,3g2,mj2: Detected creation time before 1970, parsing as unix timestamp.
2026-02-01T17:26:17 ffmpeg/mov,mp4,m4a,3gp,3g2,mj2: stream 0, timescale not set
2026-02-01T17:26:17 update: added Steve Reich/Steve Reich_ Works_ 1965-1995 (CD9)/10 The Cave - Act 2 (Part I).m4a
2026-02-01T17:26:17 ffmpeg/mov,mp4,m4a,3gp,3g2,mj2: Detected creation time before 1970, parsing as unix timestamp.
2026-02-01T17:26:17 ffmpeg/mov,mp4,m4a,3gp,3g2,mj2: Detected creation time before 1970, parsing as unix timestamp.
2026-02-01T17:26:17 ffmpeg/mov,mp4,m4a,3gp,3g2,mj2: stream 0, timescale not set
2026-02-01T17:26:17 update: added Steve Reich/Steve Reich_ Works_ 1965-1995 (CD9)/16 The Cave - Act 3 (Part V).m4a
2026-02-01T17:26:17 ffmpeg/mov,mp4,m4a,3gp,3g2,mj2: Detected creation time before 1970, parsing as unix timestamp.
2026-02-01T17:26:17 ffmpeg/mov,mp4,m4a,3gp,3g2,mj2: Detected creation time before 1970, parsing as unix timestamp.
2026-02-01T17:26:17 ffmpeg/mov,mp4,m4a,3gp,3g2,mj2: stream 0, timescale not set
2026-02-01T17:26:17 update: added Steve Reich/Steve Reich_ Works_ 1965-1995 (CD9)/09 The Cave - Act 1 (Part IX).m4a
2026-02-01T17:26:17 ffmpeg/mov,mp4,m4a,3gp,3g2,mj2: Detected creation time before 1970, parsing as unix timestamp.
2026-02-01T17:26:17 ffmpeg/mov,mp4,m4a,3gp,3g2,mj2: Detected creation time before 1970, parsing as unix timestamp.
2026-02-01T17:26:17 ffmpeg/mov,mp4,m4a,3gp,3g2,mj2: stream 0, timescale not set
2026-02-01T17:26:17 update: added Steve Reich/Steve Reich_ Works_ 1965-1995 (CD9)/07 The Cave - Act 1 (Part VII).m4a
2026-02-01T17:26:17 ffmpeg/mov,mp4,m4a,3gp,3g2,mj2: Detected creation time before 1970, parsing as unix timestamp.
2026-02-01T17:26:17 ffmpeg/mov,mp4,m4a,3gp,3g2,mj2: Detected creation time before 1970, parsing as unix timestamp.
2026-02-01T17:26:17 ffmpeg/mov,mp4,m4a,3gp,3g2,mj2: stream 0, timescale not set
2026-02-01T17:26:17 update: added Steve Reich/Steve Reich_ Works_ 1965-1995 (CD9)/03 The Cave - Act 1 (Part III).m4a
2026-02-01T17:26:17 ffmpeg/mov,mp4,m4a,3gp,3g2,mj2: Detected creation time before 1970, parsing as unix timestamp.
2026-02-01T17:26:17 ffmpeg/mov,mp4,m4a,3gp,3g2,mj2: Detected creation time before 1970, parsing as unix timestamp.
2026-02-01T17:26:17 ffmpeg/mov,mp4,m4a,3gp,3g2,mj2: stream 0, timescale not set
2026-02-01T17:26:17 update: added Steve Reich/Steve Reich_ Works_ 1965-1995 (CD9)/08 The Cave - Act 1 (Part VIII).m4a
2026-02-01T17:26:17 ffmpeg/mov,mp4,m4a,3gp,3g2,mj2: Detected creation time before 1970, parsing as unix timestamp.
2026-02-01T17:26:17 ffmpeg/mov,mp4,m4a,3gp,3g2,mj2: Detected creation time before 1970, parsing as unix timestamp.
2026-02-01T17:26:17 ffmpeg/mov,mp4,m4a,3gp,3g2,mj2: stream 0, timescale not set
2026-02-01T17:26:17 update: added Steve Reich/Steve Reich_ Works_ 1965-1995 (CD9)/06 The Cave - Act 1 (Part VI).m4a
2026-02-01T17:26:17 ffmpeg/mov,mp4,m4a,3gp,3g2,mj2: Detected creation time before 1970, parsing as unix timestamp.
2026-02-01T17:26:17 ffmpeg/mov,mp4,m4a,3gp,3g2,mj2: Detected creation time before 1970, parsing as unix timestamp.
2026-02-01T17:26:17 ffmpeg/mov,mp4,m4a,3gp,3g2,mj2: stream 0, timescale not set
2026-02-01T17:26:17 update: added Steve Reich/Steve Reich_ Works_ 1965-1995 (CD9)/05 The Cave - Act 1 (Part V).m4a
2026-02-01T17:26:17 ffmpeg/mov,mp4,m4a,3gp,3g2,mj2: Detected creation time before 1970, parsing as unix timestamp.
2026-02-01T17:26:17 ffmpeg/mov,mp4,m4a,3gp,3g2,mj2: Detected creation time before 1970, parsing as unix timestamp.
2026-02-01T17:26:17 ffmpeg/mov,mp4,m4a,3gp,3g2,mj2: stream 0, timescale not set
2026-02-01T17:26:17 update: added Steve Reich/Steve Reich_ Works_ 1965-1995 (CD9)/14 The Cave - Act 3 (Part III).m4a
2026-02-01T17:26:17 ffmpeg/mov,mp4,m4a,3gp,3g2,mj2: Detected creation time before 1970, parsing as unix timestamp.
2026-02-01T17:26:17 ffmpeg/mov,mp4,m4a,3gp,3g2,mj2: Detected creation time before 1970, parsing as unix timestamp.
2026-02-01T17:26:17 ffmpeg/mov,mp4,m4a,3gp,3g2,mj2: stream 0, timescale not set
2026-02-01T17:26:17 update: added Steve Reich/Steve Reich_ Works_ 1965-1995 (CD9)/12 The Cave - Act 3 (Part I).m4a
2026-02-01T17:26:17 ffmpeg/mov,mp4,m4a,3gp,3g2,mj2: Detected creation time before 1970, parsing as unix timestamp.
2026-02-01T17:26:17 ffmpeg/mov,mp4,m4a,3gp,3g2,mj2: Detected creation time before 1970, parsing as unix timestamp.
2026-02-01T17:26:17 ffmpeg/mov,mp4,m4a,3gp,3g2,mj2: stream 0, timescale not set
2026-02-01T17:26:17 update: added Steve Reich/Steve Reich_ Works_ 1965-1995 (CD9)/13 The Cave - Act 3 (Part II).m4a
2026-02-01T17:26:17 ffmpeg/mov,mp4,m4a,3gp,3g2,mj2: Detected creation time before 1970, parsing as unix timestamp.
2026-02-01T17:26:17 ffmpeg/mov,mp4,m4a,3gp,3g2,mj2: Detected creation time before 1970, parsing as unix timestamp.
2026-02-01T17:26:17 ffmpeg/mov,mp4,m4a,3gp,3g2,mj2: stream 0, timescale not set
2026-02-01T17:26:17 update: added Steve Reich/Steve Reich_ Works_ 1965-1995 (CD9)/04 The Cave - Act 1 (Part IV).m4a
2026-02-01T17:26:17 ffmpeg/mov,mp4,m4a,3gp,3g2,mj2: Detected creation time before 1970, parsing as unix timestamp.
2026-02-01T17:26:17 ffmpeg/mov,mp4,m4a,3gp,3g2,mj2: Detected creation time before 1970, parsing as unix timestamp.
2026-02-01T17:26:17 ffmpeg/mov,mp4,m4a,3gp,3g2,mj2: stream 0, timescale not set
2026-02-01T17:26:17 update: added Steve Reich/Steve Reich_ Works_ 1965-1995 (CD9)/11 The Cave - Act 2 (Part II).m4a
2026-02-01T17:26:17 ffmpeg/mov,mp4,m4a,3gp,3g2,mj2: Detected creation time before 1970, parsing as unix timestamp.
2026-02-01T17:26:17 ffmpeg/mov,mp4,m4a,3gp,3g2,mj2: Detected creation time before 1970, parsing as unix timestamp.
2026-02-01T17:26:17 ffmpeg/mov,mp4,m4a,3gp,3g2,mj2: stream 0, timescale not set
2026-02-01T17:26:17 update: added Steve Reich/Steve Reich_ Works_ 1965-1995 (CD9)/01 The Cave - Act 1 (Part I).m4a
2026-02-01T17:26:17 ffmpeg/mov,mp4,m4a,3gp,3g2,mj2: Detected creation time before 1970, parsing as unix timestamp.
2026-02-01T17:26:17 ffmpeg/mov,mp4,m4a,3gp,3g2,mj2: Detected creation time before 1970, parsing as unix timestamp.
2026-02-01T17:26:17 ffmpeg/mov,mp4,m4a,3gp,3g2,mj2: stream 0, timescale not set
2026-02-01T17:26:17 update: added Steve Reich/Steve Reich_ Works_ 1965-1995 (CD9)/15 The Cave - Act 3 (Part IV).m4a
2026-02-01T17:26:17 ffmpeg/mov,mp4,m4a,3gp,3g2,mj2: Detected creation time before 1970, parsing as unix timestamp.
2026-02-01T17:26:17 ffmpeg/mov,mp4,m4a,3gp,3g2,mj2: Detected creation time before 1970, parsing as unix timestamp.
2026-02-01T17:26:17 ffmpeg/mov,mp4,m4a,3gp,3g2,mj2: stream 0, timescale not set
2026-02-01T17:26:17 update: added Steve Reich/Steve Reich_ Works_ 1965-1995 (CD9)/02 The Cave - Act 1 (Part II).m4a
2026-02-01T17:26:17 ffmpeg/mov,mp4,m4a,3gp,3g2,mj2: stream 0, timescale not set
2026-02-01T17:26:17 update: added Steve Reich/Steve Reich_ Works_ 1965-1995 (CD10)/05 City Life - III. It's Been a Honeymoon - Can't Take No Mo'.m4a
2026-02-01T17:26:17 ffmpeg/mov,mp4,m4a,3gp,3g2,mj2: stream 0, timescale not set
2026-02-01T17:26:17 update: added Steve Reich/Steve Reich_ Works_ 1965-1995 (CD10)/06 City Life - IV. Heartbeats - Boats and Buoys.m4a
2026-02-01T17:26:17 ffmpeg/mov,mp4,m4a,3gp,3g2,mj2: stream 0, timescale not set
2026-02-01T17:26:17 update: added Steve Reich/Steve Reich_ Works_ 1965-1995 (CD10)/04 City Life - II. Pile Driver - Alarms.m4a
2026-02-01T17:26:17 ffmpeg/mov,mp4,m4a,3gp,3g2,mj2: stream 0, timescale not set
2026-02-01T17:26:17 update: added Steve Reich/Steve Reich_ Works_ 1965-1995 (CD10)/01 Proverb.m4a
2026-02-01T17:26:17 ffmpeg/mov,mp4,m4a,3gp,3g2,mj2: stream 0, timescale not set
2026-02-01T17:26:17 update: added Steve Reich/Steve Reich_ Works_ 1965-1995 (CD10)/07 City Life - V. Heavy Smoke.m4a
2026-02-01T17:26:17 ffmpeg/mov,mp4,m4a,3gp,3g2,mj2: stream 0, timescale not set
2026-02-01T17:26:17 update: added Steve Reich/Steve Reich_ Works_ 1965-1995 (CD10)/02 Nagoya Marimbas.m4a
2026-02-01T17:26:17 ffmpeg/mov,mp4,m4a,3gp,3g2,mj2: stream 0, timescale not set
2026-02-01T17:26:17 update: added Steve Reich/Steve Reich_ Works_ 1965-1995 (CD10)/03 City Life - I. Check It Out.m4a
2026-02-01T17:26:17 ffmpeg/mov,mp4,m4a,3gp,3g2,mj2: stream 0, timescale not set
2026-02-01T17:26:17 update: added Steve Reich/Steve Reich_ Works_ 1965-1995 (CD4)/03 Music for 18 Musicians - Section II.m4a
2026-02-01T17:26:17 ffmpeg/mov,mp4,m4a,3gp,3g2,mj2: stream 0, timescale not set
2026-02-01T17:26:17 update: added Steve Reich/Steve Reich_ Works_ 1965-1995 (CD4)/13 Music for 18 Musicians - Section XI.m4a
2026-02-01T17:26:17 ffmpeg/mov,mp4,m4a,3gp,3g2,mj2: stream 0, timescale not set
2026-02-01T17:26:17 update: added Steve Reich/Steve Reich_ Works_ 1965-1995 (CD4)/10 Music for 18 Musicians - Section VIII.m4a
2026-02-01T17:26:17 ffmpeg/mov,mp4,m4a,3gp,3g2,mj2: stream 0, timescale not set
2026-02-01T17:26:17 update: added Steve Reich/Steve Reich_ Works_ 1965-1995 (CD4)/08 Music for 18 Musicians - Section VI.m4a
2026-02-01T17:26:17 ffmpeg/mov,mp4,m4a,3gp,3g2,mj2: stream 0, timescale not set
2026-02-01T17:26:17 update: added Steve Reich/Steve Reich_ Works_ 1965-1995 (CD4)/01 Music for 18 Musicians - Pulses.m4a
2026-02-01T17:26:17 ffmpeg/mov,mp4,m4a,3gp,3g2,mj2: stream 0, timescale not set
2026-02-01T17:26:17 update: added Steve Reich/Steve Reich_ Works_ 1965-1995 (CD4)/07 Music for 18 Musicians - Section V.m4a
2026-02-01T17:26:17 ffmpeg/mov,mp4,m4a,3gp,3g2,mj2: stream 0, timescale not set
2026-02-01T17:26:17 update: added Steve Reich/Steve Reich_ Works_ 1965-1995 (CD4)/14 Music for 18 Musicians - Pulses.m4a
2026-02-01T17:26:17 ffmpeg/mov,mp4,m4a,3gp,3g2,mj2: stream 0, timescale not set
2026-02-01T17:26:17 update: added Steve Reich/Steve Reich_ Works_ 1965-1995 (CD4)/09 Music for 18 Musicians - Section VII.m4a
2026-02-01T17:26:17 ffmpeg/mov,mp4,m4a,3gp,3g2,mj2: stream 0, timescale not set
2026-02-01T17:26:17 update: added Steve Reich/Steve Reich_ Works_ 1965-1995 (CD4)/12 Music for 18 Musicians - Section X.m4a
2026-02-01T17:26:17 ffmpeg/mov,mp4,m4a,3gp,3g2,mj2: stream 0, timescale not set
2026-02-01T17:26:17 update: added Steve Reich/Steve Reich_ Works_ 1965-1995 (CD4)/11 Music for 18 Musicians - Section IX.m4a
2026-02-01T17:26:17 ffmpeg/mov,mp4,m4a,3gp,3g2,mj2: stream 0, timescale not set
2026-02-01T17:26:17 update: added Steve Reich/Steve Reich_ Works_ 1965-1995 (CD4)/06 Music for 18 Musicians - Section IV.m4a
2026-02-01T17:26:17 ffmpeg/mov,mp4,m4a,3gp,3g2,mj2: stream 0, timescale not set
2026-02-01T17:26:17 update: added Steve Reich/Steve Reich_ Works_ 1965-1995 (CD4)/02 Music for 18 Musicians - Section I.m4a
2026-02-01T17:26:17 ffmpeg/mov,mp4,m4a,3gp,3g2,mj2: stream 0, timescale not set
2026-02-01T17:26:17 update: added Steve Reich/Steve Reich_ Works_ 1965-1995 (CD4)/04 Music for 18 Musicians - Section IIIA.m4a
2026-02-01T17:26:17 ffmpeg/mov,mp4,m4a,3gp,3g2,mj2: stream 0, timescale not set
2026-02-01T17:26:17 update: added Steve Reich/Steve Reich_ Works_ 1965-1995 (CD4)/05 Music for 18 Musicians - Section IIIB.m4a
2026-02-01T17:26:17 ffmpeg/mov,mp4,m4a,3gp,3g2,mj2: stream 0, timescale not set
2026-02-01T17:26:17 update: added Steve Reich/Steve Reich_ Works_ 1965-1995 (CD7)/08 Sextet (Part V).m4a
2026-02-01T17:26:17 ffmpeg/mov,mp4,m4a,3gp,3g2,mj2: stream 0, timescale not set
2026-02-01T17:26:17 update: added Steve Reich/Steve Reich_ Works_ 1965-1995 (CD7)/05 Sextet (Part II).m4a
2026-02-01T17:26:17 ffmpeg/mov,mp4,m4a,3gp,3g2,mj2: stream 0, timescale not set
2026-02-01T17:26:17 update: added Steve Reich/Steve Reich_ Works_ 1965-1995 (CD7)/02 New York Counterpoint (Part II).m4a
2026-02-01T17:26:17 ffmpeg/mov,mp4,m4a,3gp,3g2,mj2: stream 0, timescale not set
2026-02-01T17:26:17 update: added Steve Reich/Steve Reich_ Works_ 1965-1995 (CD7)/06 Sextet (Part III).m4a
2026-02-01T17:26:17 ffmpeg/mov,mp4,m4a,3gp,3g2,mj2: stream 0, timescale not set
2026-02-01T17:26:17 update: added Steve Reich/Steve Reich_ Works_ 1965-1995 (CD7)/04 Sextet (Part I).m4a
2026-02-01T17:26:17 ffmpeg/mov,mp4,m4a,3gp,3g2,mj2: stream 0, timescale not set
2026-02-01T17:26:17 update: added Steve Reich/Steve Reich_ Works_ 1965-1995 (CD7)/09 The Four Sections (Part I).m4a
2026-02-01T17:26:17 ffmpeg/mov,mp4,m4a,3gp,3g2,mj2: stream 0, timescale not set
2026-02-01T17:26:17 update: added Steve Reich/Steve Reich_ Works_ 1965-1995 (CD7)/01 New York Counterpoint (Part I).m4a
2026-02-01T17:26:17 ffmpeg/mov,mp4,m4a,3gp,3g2,mj2: stream 0, timescale not set
2026-02-01T17:26:17 update: added Steve Reich/Steve Reich_ Works_ 1965-1995 (CD7)/10 The Four Sections (Part II).m4a
2026-02-01T17:26:17 ffmpeg/mov,mp4,m4a,3gp,3g2,mj2: stream 0, timescale not set
2026-02-01T17:26:17 update: added Steve Reich/Steve Reich_ Works_ 1965-1995 (CD7)/03 New York Counterpoint (Part III).m4a
2026-02-01T17:26:17 ffmpeg/mov,mp4,m4a,3gp,3g2,mj2: stream 0, timescale not set
2026-02-01T17:26:17 update: added Steve Reich/Steve Reich_ Works_ 1965-1995 (CD7)/12 The Four Sections (Part IV).m4a
2026-02-01T17:26:17 ffmpeg/mov,mp4,m4a,3gp,3g2,mj2: stream 0, timescale not set
2026-02-01T17:26:17 update: added Steve Reich/Steve Reich_ Works_ 1965-1995 (CD7)/11 The Four Sections (Part III).m4a
2026-02-01T17:26:17 ffmpeg/mov,mp4,m4a,3gp,3g2,mj2: stream 0, timescale not set
2026-02-01T17:26:17 update: added Steve Reich/Steve Reich_ Works_ 1965-1995 (CD7)/07 Sextet (Part IV).m4a
2026-02-01T17:26:26 exception: Failed to open /Users/dmy/.mpd/playlists: No such file or directory
2026-02-01T17:28:13 ffmpeg/mov,mp4,m4a,3gp,3g2,mj2: stream 0, timescale not set
2026-02-01T17:32:10 player: played "Steve Reich/Steve Reich_ Works_ 1965-1995 (CD7)/01 New York Counterpoint (Part I).m4a"
2026-02-01T17:32:11 ffmpeg/mov,mp4,m4a,3gp,3g2,mj2: stream 0, timescale not set
2026-02-01T17:37:19 player: played "Steve Reich/Steve Reich_ Works_ 1965-1995 (CD7)/01 New York Counterpoint (Part I).m4a"
2026-02-01T17:42:53 ffmpeg/mov,mp4,m4a,3gp,3g2,mj2: stream 0, timescale not set
2026-02-01T17:43:40 player: played "high_school/[Flaming June] Maeda Jun x Yanagi Nagi - Last Smile [Subbed].mp3"
2026-02-01T17:45:23 ffmpeg/mov,mp4,m4a,3gp,3g2,mj2: Detected creation time before 1970, parsing as unix timestamp.
2026-02-01T17:45:23 ffmpeg/mov,mp4,m4a,3gp,3g2,mj2: Detected creation time before 1970, parsing as unix timestamp.
2026-02-01T17:45:23 ffmpeg/mov,mp4,m4a,3gp,3g2,mj2: stream 0, timescale not set
2026-02-01T17:46:08 player: played "Steve Reich/Steve Reich_ Works_ 1965-1995 (CD7)/06 Sextet (Part III).m4a"
2026-02-01T17:50:48 player: played "Steve Reich/Steve Reich_ Works_ 1965-1995 (CD9)/14 The Cave - Act 3 (Part III).m4a"
2026-02-01T17:55:48 player: played "high_school/【Chill】W I S H I W A S ft. Cameron Walker - Cutting Ties.mp3"
2026-02-01T18:24:46 exception: Failed to open /Users/dmy/.mpd/playlists: No such file or directory
2026-02-01T18:24:47 exception: Failed to open /Users/dmy/.mpd/playlists: No such file or directory
2026-02-01T18:28:48 exception: Failed to open /Users/dmy/.mpd/playlists: No such file or directory
2026-02-01T18:28:59 exception: Failed to open /Users/dmy/.mpd/playlists: No such file or directory
2026-02-01T21:31:44 exception: Failed to open /Users/dmy/.mpd/playlists: No such file or directory
2026-02-01T21:31:49 exception: Failed to open /Users/dmy/.mpd/playlists: No such file or directory
2026-02-01T21:38:10 ffmpeg/mov,mp4,m4a,3gp,3g2,mj2: stream 0, timescale not set
2026-02-01T21:43:04 player: played "Steve Reich/Steve Reich_ Works_ 1965-1995 (CD7)/01 New York Counterpoint (Part I).m4a"
2026-02-01T21:47:47 ffmpeg/mov,mp4,m4a,3gp,3g2,mj2: stream 0, timescale not set
2026-02-01T21:47:47 ffmpeg/mov,mp4,m4a,3gp,3g2,mj2: stream 0, timescale not set
2026-02-01T21:47:56 player: played "high_school/【Chill】W I S H I W A S ft. Cameron Walker - Cutting Ties.mp3"
2026-02-02T08:48:06 exception: Failed to open /Users/dmy/.mpd/playlists: No such file or directory
2026-02-02T08:48:06 exception: Failed to open /Users/dmy/.mpd/playlists: No such file or directory
2026-02-02T08:48:32 player: played "Steve Reich/Steve Reich_ Works_ 1965-1995 (CD7)/01 New York Counterpoint (Part I).m4a"
2026-02-02T08:53:26 ffmpeg/mov,mp4,m4a,3gp,3g2,mj2: stream 0, timescale not set
2026-02-02T08:53:27 player: played "Steve Reich/Steve Reich_ Works_ 1965-1995 (CD4)/01 Music for 18 Musicians - Pulses.m4a"
2026-02-02T08:53:27 ffmpeg/mov,mp4,m4a,3gp,3g2,mj2: stream 0, timescale not set
2026-02-02T08:53:28 player: played "Steve Reich/Steve Reich_ Works_ 1965-1995 (CD4)/02 Music for 18 Musicians - Section I.m4a"
2026-02-02T08:53:28 ffmpeg/mov,mp4,m4a,3gp,3g2,mj2: stream 0, timescale not set
2026-02-02T08:53:29 player: played "Steve Reich/Steve Reich_ Works_ 1965-1995 (CD4)/03 Music for 18 Musicians - Section II.m4a"
2026-02-02T08:53:29 ffmpeg/mov,mp4,m4a,3gp,3g2,mj2: stream 0, timescale not set
2026-02-02T08:53:29 player: played "Steve Reich/Steve Reich_ Works_ 1965-1995 (CD4)/04 Music for 18 Musicians - Section IIIA.m4a"
2026-02-02T08:53:29 ffmpeg/mov,mp4,m4a,3gp,3g2,mj2: stream 0, timescale not set
2026-02-02T08:53:29 player: played "Steve Reich/Steve Reich_ Works_ 1965-1995 (CD4)/05 Music for 18 Musicians - Section IIIB.m4a"
2026-02-02T08:53:29 ffmpeg/mov,mp4,m4a,3gp,3g2,mj2: stream 0, timescale not set
2026-02-02T08:53:30 player: played "Steve Reich/Steve Reich_ Works_ 1965-1995 (CD4)/06 Music for 18 Musicians - Section IV.m4a"
2026-02-02T08:53:30 ffmpeg/mov,mp4,m4a,3gp,3g2,mj2: stream 0, timescale not set
2026-02-02T08:53:30 player: played "Steve Reich/Steve Reich_ Works_ 1965-1995 (CD4)/07 Music for 18 Musicians - Section V.m4a"
2026-02-02T08:53:30 ffmpeg/mov,mp4,m4a,3gp,3g2,mj2: stream 0, timescale not set
2026-02-02T08:53:31 player: played "Steve Reich/Steve Reich_ Works_ 1965-1995 (CD4)/08 Music for 18 Musicians - Section VI.m4a"
2026-02-02T08:53:31 ffmpeg/mov,mp4,m4a,3gp,3g2,mj2: stream 0, timescale not set
2026-02-02T08:53:31 player: played "Steve Reich/Steve Reich_ Works_ 1965-1995 (CD4)/09 Music for 18 Musicians - Section VII.m4a"
2026-02-02T08:53:31 ffmpeg/mov,mp4,m4a,3gp,3g2,mj2: stream 0, timescale not set
2026-02-02T08:53:31 player: played "Steve Reich/Steve Reich_ Works_ 1965-1995 (CD4)/10 Music for 18 Musicians - Section VIII.m4a"
2026-02-02T08:53:31 ffmpeg/mov,mp4,m4a,3gp,3g2,mj2: stream 0, timescale not set
2026-02-02T08:53:32 player: played "Steve Reich/Steve Reich_ Works_ 1965-1995 (CD4)/11 Music for 18 Musicians - Section IX.m4a"
2026-02-02T08:53:32 ffmpeg/mov,mp4,m4a,3gp,3g2,mj2: stream 0, timescale not set
2026-02-02T08:53:32 player: played "Steve Reich/Steve Reich_ Works_ 1965-1995 (CD4)/12 Music for 18 Musicians - Section X.m4a"
2026-02-02T08:53:32 ffmpeg/mov,mp4,m4a,3gp,3g2,mj2: stream 0, timescale not set
2026-02-02T08:53:33 player: played "Steve Reich/Steve Reich_ Works_ 1965-1995 (CD4)/13 Music for 18 Musicians - Section XI.m4a"
2026-02-02T08:53:33 ffmpeg/mov,mp4,m4a,3gp,3g2,mj2: stream 0, timescale not set
2026-02-02T08:53:37 ffmpeg/mov,mp4,m4a,3gp,3g2,mj2: stream 0, timescale not set
2026-02-02T08:58:20 ffmpeg/mov,mp4,m4a,3gp,3g2,mj2: stream 0, timescale not set
2026-02-02T08:59:03 player: played "Steve Reich/Steve Reich_ Works_ 1965-1995 (CD4)/01 Music for 18 Musicians - Pulses.m4a"
2026-02-02T09:11:31 ffmpeg/mov,mp4,m4a,3gp,3g2,mj2: stream 0, timescale not set
2026-02-02T09:12:10 player: played "Steve Reich/Steve Reich_ Works_ 1965-1995 (CD4)/02 Music for 18 Musicians - Section I.m4a"
2026-02-02T09:16:40 ffmpeg/mov,mp4,m4a,3gp,3g2,mj2: stream 0, timescale not set
2026-02-02T09:17:23 player: played "Steve Reich/Steve Reich_ Works_ 1965-1995 (CD4)/03 Music for 18 Musicians - Section II.m4a"
2026-02-02T09:20:40 ffmpeg/mov,mp4,m4a,3gp,3g2,mj2: stream 0, timescale not set
2026-02-02T09:21:18 player: played "Steve Reich/Steve Reich_ Works_ 1965-1995 (CD4)/04 Music for 18 Musicians - Section IIIA.m4a"
2026-02-02T09:24:17 ffmpeg/mov,mp4,m4a,3gp,3g2,mj2: stream 0, timescale not set
2026-02-02T09:25:04 player: played "Steve Reich/Steve Reich_ Works_ 1965-1995 (CD4)/05 Music for 18 Musicians - Section IIIB.m4a"
2026-02-02T09:53:35 ffmpeg/mov,mp4,m4a,3gp,3g2,mj2: stream 0, timescale not set
2026-02-02T09:54:17 player: played "Steve Reich/Steve Reich_ Works_ 1965-1995 (CD4)/06 Music for 18 Musicians - Section IV.m4a"
2026-02-02T10:53:29 ffmpeg/mov,mp4,m4a,3gp,3g2,mj2: stream 0, timescale not set
2026-02-02T10:54:14 player: played "Steve Reich/Steve Reich_ Works_ 1965-1995 (CD4)/07 Music for 18 Musicians - Section V.m4a"
2026-02-02T10:58:24 ffmpeg/mov,mp4,m4a,3gp,3g2,mj2: stream 0, timescale not set
2026-02-02T10:59:08 player: played "Steve Reich/Steve Reich_ Works_ 1965-1995 (CD4)/08 Music for 18 Musicians - Section VI.m4a"
2026-02-02T11:02:46 ffmpeg/mov,mp4,m4a,3gp,3g2,mj2: stream 0, timescale not set
2026-02-02T11:03:27 player: played "Steve Reich/Steve Reich_ Works_ 1965-1995 (CD4)/09 Music for 18 Musicians - Section VII.m4a"
2026-02-02T11:06:24 ffmpeg/mov,mp4,m4a,3gp,3g2,mj2: stream 0, timescale not set
2026-02-02T11:07:02 player: played "Steve Reich/Steve Reich_ Works_ 1965-1995 (CD4)/10 Music for 18 Musicians - Section VIII.m4a"
2026-02-02T11:11:42 ffmpeg/mov,mp4,m4a,3gp,3g2,mj2: stream 0, timescale not set
2026-02-02T11:12:26 player: played "Steve Reich/Steve Reich_ Works_ 1965-1995 (CD4)/11 Music for 18 Musicians - Section IX.m4a"
2026-02-02T11:13:38 ffmpeg/mov,mp4,m4a,3gp,3g2,mj2: stream 0, timescale not set
2026-02-02T11:14:16 player: played "Steve Reich/Steve Reich_ Works_ 1965-1995 (CD4)/12 Music for 18 Musicians - Section X.m4a"
2026-02-02T11:19:18 ffmpeg/mov,mp4,m4a,3gp,3g2,mj2: stream 0, timescale not set
2026-02-02T11:20:01 player: played "Steve Reich/Steve Reich_ Works_ 1965-1995 (CD4)/13 Music for 18 Musicians - Section XI.m4a"
2026-02-02T11:26:11 player: played "Steve Reich/Steve Reich_ Works_ 1965-1995 (CD4)/14 Music for 18 Musicians - Pulses.m4a"
2026-02-02T14:09:01 ffmpeg/mov,mp4,m4a,3gp,3g2,mj2: Detected creation time before 1970, parsing as unix timestamp.
2026-02-02T14:09:01 ffmpeg/mov,mp4,m4a,3gp,3g2,mj2: Detected creation time before 1970, parsing as unix timestamp.
2026-02-02T14:09:01 ffmpeg/mov,mp4,m4a,3gp,3g2,mj2: stream 0, timescale not set
2026-02-02T14:25:52 ffmpeg/mov,mp4,m4a,3gp,3g2,mj2: Detected creation time before 1970, parsing as unix timestamp.
2026-02-02T14:25:52 ffmpeg/mov,mp4,m4a,3gp,3g2,mj2: Detected creation time before 1970, parsing as unix timestamp.
2026-02-02T14:25:52 ffmpeg/mov,mp4,m4a,3gp,3g2,mj2: stream 0, timescale not set
2026-02-02T14:26:37 player: played "Steve Reich/Steve Reich_ Works_ 1965-1995 (CD5)/01 Eight Lines.m4a"
2026-02-02T16:39:27 ffmpeg/mov,mp4,m4a,3gp,3g2,mj2: Detected creation time before 1970, parsing as unix timestamp.
2026-02-02T16:39:27 ffmpeg/mov,mp4,m4a,3gp,3g2,mj2: Detected creation time before 1970, parsing as unix timestamp.
2026-02-02T16:39:27 ffmpeg/mov,mp4,m4a,3gp,3g2,mj2: stream 0, timescale not set
2026-02-02T16:40:07 player: played "Steve Reich/Steve Reich_ Works_ 1965-1995 (CD5)/02 Tehillim (Part I).m4a"
2026-02-02T16:45:31 ffmpeg/mov,mp4,m4a,3gp,3g2,mj2: Detected creation time before 1970, parsing as unix timestamp.
2026-02-02T16:45:31 ffmpeg/mov,mp4,m4a,3gp,3g2,mj2: Detected creation time before 1970, parsing as unix timestamp.
2026-02-02T16:45:31 ffmpeg/mov,mp4,m4a,3gp,3g2,mj2: stream 0, timescale not set
2026-02-02T16:46:08 player: played "Steve Reich/Steve Reich_ Works_ 1965-1995 (CD5)/03 Tehillim (Part II).m4a"
2026-02-02T16:51:43 ffmpeg/mov,mp4,m4a,3gp,3g2,mj2: Detected creation time before 1970, parsing as unix timestamp.
2026-02-02T16:51:43 ffmpeg/mov,mp4,m4a,3gp,3g2,mj2: Detected creation time before 1970, parsing as unix timestamp.
2026-02-02T16:51:43 ffmpeg/mov,mp4,m4a,3gp,3g2,mj2: stream 0, timescale not set
2026-02-02T16:52:27 player: played "Steve Reich/Steve Reich_ Works_ 1965-1995 (CD5)/04 Tehillim (Part III).m4a"
2026-02-02T16:58:51 player: played "Steve Reich/Steve Reich_ Works_ 1965-1995 (CD5)/05 Tehillim (Part IV).m4a"
2026-02-03T08:59:08 ffmpeg/mov,mp4,m4a,3gp,3g2,mj2: Detected creation time before 1970, parsing as unix timestamp.
2026-02-03T08:59:08 ffmpeg/mov,mp4,m4a,3gp,3g2,mj2: Detected creation time before 1970, parsing as unix timestamp.
2026-02-03T08:59:08 ffmpeg/mov,mp4,m4a,3gp,3g2,mj2: stream 0, timescale not set
2026-02-03T09:16:17 ffmpeg/mov,mp4,m4a,3gp,3g2,mj2: Detected creation time before 1970, parsing as unix timestamp.
2026-02-03T09:16:17 ffmpeg/mov,mp4,m4a,3gp,3g2,mj2: Detected creation time before 1970, parsing as unix timestamp.
2026-02-03T09:16:17 ffmpeg/mov,mp4,m4a,3gp,3g2,mj2: stream 0, timescale not set
2026-02-03T09:16:59 player: played "Steve Reich/Steve Reich_ Works_ 1965-1995 (CD5)/01 Eight Lines.m4a"
2026-02-03T09:28:03 ffmpeg/mov,mp4,m4a,3gp,3g2,mj2: Detected creation time before 1970, parsing as unix timestamp.
2026-02-03T09:28:03 ffmpeg/mov,mp4,m4a,3gp,3g2,mj2: Detected creation time before 1970, parsing as unix timestamp.
2026-02-03T09:28:03 ffmpeg/mov,mp4,m4a,3gp,3g2,mj2: stream 0, timescale not set
2026-02-03T09:28:44 player: played "Steve Reich/Steve Reich_ Works_ 1965-1995 (CD5)/02 Tehillim (Part I).m4a"
2026-02-03T09:34:06 ffmpeg/mov,mp4,m4a,3gp,3g2,mj2: Detected creation time before 1970, parsing as unix timestamp.
2026-02-03T09:34:06 ffmpeg/mov,mp4,m4a,3gp,3g2,mj2: Detected creation time before 1970, parsing as unix timestamp.
2026-02-03T09:34:06 ffmpeg/mov,mp4,m4a,3gp,3g2,mj2: stream 0, timescale not set
2026-02-03T09:34:46 player: played "Steve Reich/Steve Reich_ Works_ 1965-1995 (CD5)/03 Tehillim (Part II).m4a"
